生成启动时间为 2016/1/27 19:04:47。
     1>项目“H:\project\Boat\Code\Boat\Boat\Boat.vcxproj”在节点 2 上(Build 个目标)。
     1>ClCompile:
         D:\Program Files (x86)\Microsoft Visual Studio 12.0\VC\bin\CL.exe /c /ZI /nologo /W3 /WX- /sdl /Od /Oy- /D WIN32 /D _WINDOWS /D _DEBUG /D _UNICODE /D UNICODE /D _AFXDLL /Gm /EHsc /RTC1 /MDd /GS /fp:precise /Zc:wchar_t /Zc:forScope /Yu"stdafx.h" /Fp"Debug\Boat.pch" /Fo"Debug\\" /Fd"Debug\vc120.pdb" /Gd /TP /analyze- /errorReport:prompt Boat.cpp BoatDoc.cpp BoatView.cpp MainFrm.cpp
         正在跳过...(未检测到相关更改)
         MainFrm.cpp
         BoatView.cpp
         BoatDoc.cpp
         Boat.cpp
       ResourceCompile:
         C:\Program Files (x86)\Windows Kits\8.1\bin\x86\rc.exe /D _DEBUG /D _UNICODE /D UNICODE /D _AFXDLL /l"0x0804" /IDebug\ /nologo /fo"Debug\Boat.res" Boat.rc 
       Link:
         D:\Program Files (x86)\Microsoft Visual Studio 12.0\VC\bin\link.exe /ERRORREPORT:PROMPT /OUT:"H:\project\Boat\Code\Boat\Debug\Boat.exe" /INCREMENTAL /NOLOGO /MANIFEST /MANIFESTUAC:"level='asInvoker' uiAccess='false'" /manifest:embed /manifestinput:"D:\Program Files (x86)\Microsoft Visual Studio 12.0\VC\Include\Manifest\dpiaware.manifest" /DEBUG /PDB:"H:\project\Boat\Code\Boat\Debug\Boat.pdb" /SUBSYSTEM:WINDOWS /TLBID:1 /ENTRY:"wWinMainCRTStartup" /DYNAMICBASE /NXCOMPAT /IMPLIB:"H:\project\Boat\Code\Boat\Debug\Boat.lib" /MACHINE:X86 Debug\Boat.res
         Debug\Boat.obj
         Debug\BoatDoc.obj
         Debug\BoatView.obj
         Debug\MainFrm.obj
         Debug\stdafx.obj
         Boat.vcxproj -> H:\project\Boat\Code\Boat\Debug\Boat.exe
       RegisterOutput:
         "H:\project\Boat\Code\Boat\Debug\Boat.exe" /RegServer
     1>已完成生成项目“H:\project\Boat\Code\Boat\Boat\Boat.vcxproj”(Build 个目标)的操作。

生成成功。

已用时间 00:00:08.48
